This is pdfTeX, Version 3.1415926-2.4-1.40.13 (TeX Live 2012) (format=pdflatex 2013.5.21)  5 AUG 2013 13:30
entering extended mode
 restricted \write18 enabled.
 %&-line parsing enabled.
**galaxy_simulation.tex
(./galaxy_simulation.tex
LaTeX2e <2011/06/27>
Babel <v3.8m> and hyphenation patterns for english, dumylang, nohyphenation, ge
rman-x-2012-05-30, ngerman-x-2012-05-30, afrikaans, ancientgreek, ibycus, arabi
c, armenian, basque, bulgarian, catalan, pinyin, coptic, croatian, czech, danis
h, dutch, ukenglish, usenglishmax, esperanto, estonian, ethiopic, farsi, finnis
h, french, friulan, galician, german, ngerman, swissgerman, monogreek, greek, h
ungarian, icelandic, assamese, bengali, gujarati, hindi, kannada, malayalam, ma
rathi, oriya, panjabi, tamil, telugu, indonesian, interlingua, irish, italian, 
kurmanji, latin, latvian, lithuanian, mongolian, mongolianlmc, bokmal, nynorsk,
 piedmontese, polish, portuguese, romanian, romansh, russian, sanskrit, serbian
, serbianc, slovak, slovenian, spanish, swedish, turkish, turkmen, ukrainian, u
ppersorbian, welsh, loaded.
(/usr/local/texlive/2012/texmf-dist/tex/latex/base/article.cls
Document Class: article 2007/10/19 v1.4h Standard LaTeX document class
(/usr/local/texlive/2012/texmf-dist/tex/latex/base/size11.clo
File: size11.clo 2007/10/19 v1.4h Standard LaTeX file (size option)
)
\c@part=\count79
\c@section=\count80
\c@subsection=\count81
\c@subsubsection=\count82
\c@paragraph=\count83
\c@subparagraph=\count84
\c@figure=\count85
\c@table=\count86
\abovecaptionskip=\skip41
\belowcaptionskip=\skip42
\bibindent=\dimen102
)
(/usr/local/texlive/2012/texmf-dist/tex/latex/psnfss/times.sty
Package: times 2005/04/12 PSNFSS-v9.2a (SPQR) 
)
(/usr/local/texlive/2012/texmf-dist/tex/latex/graphics/graphicx.sty
Package: graphicx 1999/02/16 v1.0f Enhanced LaTeX Graphics (DPC,SPQR)

(/usr/local/texlive/2012/texmf-dist/tex/latex/graphics/keyval.sty
Package: keyval 1999/03/16 v1.13 key=value parser (DPC)
\KV@toks@=\toks14
)
(/usr/local/texlive/2012/texmf-dist/tex/latex/graphics/graphics.sty
Package: graphics 2009/02/05 v1.0o Standard LaTeX Graphics (DPC,SPQR)

(/usr/local/texlive/2012/texmf-dist/tex/latex/graphics/trig.sty
Package: trig 1999/03/16 v1.09 sin cos tan (DPC)
)
(/usr/local/texlive/2012/texmf-dist/tex/latex/latexconfig/graphics.cfg
File: graphics.cfg 2010/04/23 v1.9 graphics configuration of TeX Live
)
Package graphics Info: Driver file: pdftex.def on input line 91.

(/usr/local/texlive/2012/texmf-dist/tex/latex/pdftex-def/pdftex.def
File: pdftex.def 2011/05/27 v0.06d Graphics/color for pdfTeX

(/usr/local/texlive/2012/texmf-dist/tex/generic/oberdiek/infwarerr.sty
Package: infwarerr 2010/04/08 v1.3 Providing info/warning/error messages (HO)
)
(/usr/local/texlive/2012/texmf-dist/tex/generic/oberdiek/ltxcmds.sty
Package: ltxcmds 2011/11/09 v1.22 LaTeX kernel commands for general use (HO)
)
\Gread@gobject=\count87
))
\Gin@req@height=\dimen103
\Gin@req@width=\dimen104
)
(/usr/local/texlive/2012/texmf-dist/tex/latex/amsfonts/amssymb.sty
Package: amssymb 2013/01/14 v3.01 AMS font symbols

(/usr/local/texlive/2012/texmf-dist/tex/latex/amsfonts/amsfonts.sty
Package: amsfonts 2013/01/14 v3.01 Basic AMSFonts support
\@emptytoks=\toks15
\symAMSa=\mathgroup4
\symAMSb=\mathgroup5
LaTeX Font Info:    Overwriting math alphabet `\mathfrak' in version `bold'
(Font)                  U/euf/m/n --> U/euf/b/n on input line 106.
))
(/usr/local/texlive/2012/texmf-dist/tex/latex/amsmath/amsmath.sty
Package: amsmath 2013/01/14 v2.14 AMS math features
\@mathmargin=\skip43

For additional information on amsmath, use the `?' option.
(/usr/local/texlive/2012/texmf-dist/tex/latex/amsmath/amstext.sty
Package: amstext 2000/06/29 v2.01

(/usr/local/texlive/2012/texmf-dist/tex/latex/amsmath/amsgen.sty
File: amsgen.sty 1999/11/30 v2.0
\@emptytoks=\toks16
\ex@=\dimen105
))
(/usr/local/texlive/2012/texmf-dist/tex/latex/amsmath/amsbsy.sty
Package: amsbsy 1999/11/29 v1.2d
\pmbraise@=\dimen106
)
(/usr/local/texlive/2012/texmf-dist/tex/latex/amsmath/amsopn.sty
Package: amsopn 1999/12/14 v2.01 operator names
)
\inf@bad=\count88
LaTeX Info: Redefining \frac on input line 210.
\uproot@=\count89
\leftroot@=\count90
LaTeX Info: Redefining \overline on input line 306.
\classnum@=\count91
\DOTSCASE@=\count92
LaTeX Info: Redefining \ldots on input line 378.
LaTeX Info: Redefining \dots on input line 381.
LaTeX Info: Redefining \cdots on input line 466.
\Mathstrutbox@=\box26
\strutbox@=\box27
\big@size=\dimen107
LaTeX Font Info:    Redeclaring font encoding OML on input line 566.
LaTeX Font Info:    Redeclaring font encoding OMS on input line 567.
\macc@depth=\count93
\c@MaxMatrixCols=\count94
\dotsspace@=\muskip10
\c@parentequation=\count95
\dspbrk@lvl=\count96
\tag@help=\toks17
\row@=\count97
\column@=\count98
\maxfields@=\count99
\andhelp@=\toks18
\eqnshift@=\dimen108
\alignsep@=\dimen109
\tagshift@=\dimen110
\tagwidth@=\dimen111
\totwidth@=\dimen112
\lineht@=\dimen113
\@envbody=\toks19
\multlinegap=\skip44
\multlinetaggap=\skip45
\mathdisplay@stack=\toks20
LaTeX Info: Redefining \[ on input line 2665.
LaTeX Info: Redefining \] on input line 2666.
)
(/usr/local/texlive/2012/texmf-dist/tex/latex/caption/subcaption.sty
Package: subcaption 2013/02/03 v1.1-62 Sub-captions (AR)

(/usr/local/texlive/2012/texmf-dist/tex/latex/caption/caption.sty
Package: caption 2013/02/03 v3.3-65 Customizing captions (AR)

(/usr/local/texlive/2012/texmf-dist/tex/latex/caption/caption3.sty
Package: caption3 2013/02/03 v1.5-62 caption3 kernel (AR)
\captionmargin=\dimen114
\captionmargin@=\dimen115
\captionwidth=\dimen116
\caption@tempdima=\dimen117
\caption@indent=\dimen118
\caption@parindent=\dimen119
\caption@hangindent=\dimen120
)
\c@ContinuedFloat=\count100
)
\c@subfigure=\count101
\c@subtable=\count102
)
(/usr/local/texlive/2012/texmf-dist/tex/latex/hyperref/hyperref.sty
Package: hyperref 2012/11/06 v6.83m Hypertext links for LaTeX

(/usr/local/texlive/2012/texmf-dist/tex/generic/oberdiek/hobsub-hyperref.sty
Package: hobsub-hyperref 2012/05/28 v1.13 Bundle oberdiek, subset hyperref (HO)


(/usr/local/texlive/2012/texmf-dist/tex/generic/oberdiek/hobsub-generic.sty
Package: hobsub-generic 2012/05/28 v1.13 Bundle oberdiek, subset generic (HO)
Package: hobsub 2012/05/28 v1.13 Construct package bundles (HO)
Package hobsub Info: Skipping package `infwarerr' (already loaded).
Package hobsub Info: Skipping package `ltxcmds' (already loaded).
Package: ifluatex 2010/03/01 v1.3 Provides the ifluatex switch (HO)
Package ifluatex Info: LuaTeX not detected.
Package: ifvtex 2010/03/01 v1.5 Detect VTeX and its facilities (HO)
Package ifvtex Info: VTeX not detected.
Package: intcalc 2007/09/27 v1.1 Expandable calculations with integers (HO)
Package: ifpdf 2011/01/30 v2.3 Provides the ifpdf switch (HO)
Package ifpdf Info: pdfTeX in PDF mode is detected.
Package: etexcmds 2011/02/16 v1.5 Avoid name clashes with e-TeX commands (HO)
Package etexcmds Info: Could not find \expanded.
(etexcmds)             That can mean that you are not using pdfTeX 1.50 or
(etexcmds)             that some package has redefined \expanded.
(etexcmds)             In the latter case, load this package earlier.
Package: kvsetkeys 2012/04/25 v1.16 Key value parser (HO)
Package: kvdefinekeys 2011/04/07 v1.3 Define keys (HO)
Package: pdftexcmds 2011/11/29 v0.20 Utility functions of pdfTeX for LuaTeX (HO
)
Package pdftexcmds Info: LuaTeX not detected.
Package pdftexcmds Info: \pdf@primitive is available.
Package pdftexcmds Info: \pdf@ifprimitive is available.
Package pdftexcmds Info: \pdfdraftmode found.
Package: pdfescape 2011/11/25 v1.13 Implements pdfTeX's escape features (HO)
Package: bigintcalc 2012/04/08 v1.3 Expandable calculations on big integers (HO
)
Package: bitset 2011/01/30 v1.1 Handle bit-vector datatype (HO)
Package: uniquecounter 2011/01/30 v1.2 Provide unlimited unique counter (HO)
)
Package hobsub Info: Skipping package `hobsub' (already loaded).
Package: letltxmacro 2010/09/02 v1.4 Let assignment for LaTeX macros (HO)
Package: hopatch 2012/05/28 v1.2 Wrapper for package hooks (HO)
Package: xcolor-patch 2011/01/30 xcolor patch
Package: atveryend 2011/06/30 v1.8 Hooks at the very end of document (HO)
Package atveryend Info: \enddocument detected (standard20110627).
Package: atbegshi 2011/10/05 v1.16 At begin shipout hook (HO)
Package: refcount 2011/10/16 v3.4 Data extraction from label references (HO)
Package: hycolor 2011/01/30 v1.7 Color options for hyperref/bookmark (HO)
)
(/usr/local/texlive/2012/texmf-dist/tex/generic/ifxetex/ifxetex.sty
Package: ifxetex 2010/09/12 v0.6 Provides ifxetex conditional
)
(/usr/local/texlive/2012/texmf-dist/tex/latex/oberdiek/auxhook.sty
Package: auxhook 2011/03/04 v1.3 Hooks for auxiliary files (HO)
)
(/usr/local/texlive/2012/texmf-dist/tex/latex/oberdiek/kvoptions.sty
Package: kvoptions 2011/06/30 v3.11 Key value format for package options (HO)
)
\@linkdim=\dimen121
\Hy@linkcounter=\count103
\Hy@pagecounter=\count104

(/usr/local/texlive/2012/texmf-dist/tex/latex/hyperref/pd1enc.def
File: pd1enc.def 2012/11/06 v6.83m Hyperref: PDFDocEncoding definition (HO)
)
\Hy@SavedSpaceFactor=\count105

(/usr/local/texlive/2012/texmf-dist/tex/latex/latexconfig/hyperref.cfg
File: hyperref.cfg 2002/06/06 v1.2 hyperref configuration of TeXLive
)
Package hyperref Info: Hyper figures OFF on input line 4443.
Package hyperref Info: Link nesting OFF on input line 4448.
Package hyperref Info: Hyper index ON on input line 4451.
Package hyperref Info: Plain pages OFF on input line 4458.
Package hyperref Info: Backreferencing OFF on input line 4463.
Package hyperref Info: Implicit mode ON; LaTeX internals redefined.
Package hyperref Info: Bookmarks ON on input line 4688.
\c@Hy@tempcnt=\count106

(/usr/local/texlive/2012/texmf-dist/tex/latex/url/url.sty
\Urlmuskip=\muskip11
Package: url 2006/04/12  ver 3.3  Verb mode for urls, etc.
)
LaTeX Info: Redefining \url on input line 5041.
\XeTeXLinkMargin=\dimen122
\Fld@menulength=\count107
\Field@Width=\dimen123
\Fld@charsize=\dimen124
Package hyperref Info: Hyper figures OFF on input line 6295.
Package hyperref Info: Link nesting OFF on input line 6300.
Package hyperref Info: Hyper index ON on input line 6303.
Package hyperref Info: backreferencing OFF on input line 6310.
Package hyperref Info: Link coloring OFF on input line 6315.
Package hyperref Info: Link coloring with OCG OFF on input line 6320.
Package hyperref Info: PDF/A mode OFF on input line 6325.
LaTeX Info: Redefining \ref on input line 6365.
LaTeX Info: Redefining \pageref on input line 6369.
\Hy@abspage=\count108
\c@Item=\count109
\c@Hfootnote=\count110
)

Package hyperref Message: Driver (autodetected): hpdftex.

(/usr/local/texlive/2012/texmf-dist/tex/latex/hyperref/hpdftex.def
File: hpdftex.def 2012/11/06 v6.83m Hyperref driver for pdfTeX
\Fld@listcount=\count111
\c@bookmark@seq@number=\count112

(/usr/local/texlive/2012/texmf-dist/tex/latex/oberdiek/rerunfilecheck.sty
Package: rerunfilecheck 2011/04/15 v1.7 Rerun checks for auxiliary files (HO)
Package uniquecounter Info: New unique counter `rerunfilecheck' on input line 2
82.
)
\Hy@SectionHShift=\skip46
)
(/usr/local/texlive/2012/texmf-dist/tex/latex/footmisc/footmisc.sty
Package: footmisc 2011/06/06 v5.5b a miscellany of footnote facilities
\FN@temptoken=\toks21
\footnotemargin=\dimen125
\c@pp@next@reset=\count113
Package footmisc Info: Declaring symbol style bringhurst on input line 855.
Package footmisc Info: Declaring symbol style chicago on input line 863.
Package footmisc Info: Declaring symbol style wiley on input line 872.
Package footmisc Info: Declaring symbol style lamport-robust on input line 883.

Package footmisc Info: Declaring symbol style lamport* on input line 903.
Package footmisc Info: Declaring symbol style lamport*-robust on input line 924
.
)
(/usr/local/texlive/2012/texmf-dist/tex/latex/geometry/geometry.sty
Package: geometry 2010/09/12 v5.6 Page Geometry
\Gm@cnth=\count114
\Gm@cntv=\count115
\c@Gm@tempcnt=\count116
\Gm@bindingoffset=\dimen126
\Gm@wd@mp=\dimen127
\Gm@odd@mp=\dimen128
\Gm@even@mp=\dimen129
\Gm@layoutwidth=\dimen130
\Gm@layoutheight=\dimen131
\Gm@layouthoffset=\dimen132
\Gm@layoutvoffset=\dimen133
\Gm@dimlist=\toks22
)
(./galaxy_simulation.aux)
\openout1 = `galaxy_simulation.aux'.

LaTeX Font Info:    Checking defaults for OML/cmm/m/it on input line 11.
LaTeX Font Info:    ... okay on input line 11.
LaTeX Font Info:    Checking defaults for T1/cmr/m/n on input line 11.
LaTeX Font Info:    ... okay on input line 11.
LaTeX Font Info:    Checking defaults for OT1/cmr/m/n on input line 11.
LaTeX Font Info:    ... okay on input line 11.
LaTeX Font Info:    Checking defaults for OMS/cmsy/m/n on input line 11.
LaTeX Font Info:    ... okay on input line 11.
LaTeX Font Info:    Checking defaults for OMX/cmex/m/n on input line 11.
LaTeX Font Info:    ... okay on input line 11.
LaTeX Font Info:    Checking defaults for U/cmr/m/n on input line 11.
LaTeX Font Info:    ... okay on input line 11.
LaTeX Font Info:    Checking defaults for PD1/pdf/m/n on input line 11.
LaTeX Font Info:    ... okay on input line 11.
LaTeX Font Info:    Try loading font information for OT1+ptm on input line 11.

(/usr/local/texlive/2012/texmf-dist/tex/latex/psnfss/ot1ptm.fd
File: ot1ptm.fd 2001/06/04 font definitions for OT1/ptm.
)
(/usr/local/texlive/2012/texmf-dist/tex/context/base/supp-pdf.mkii
[Loading MPS to PDF converter (version 2006.09.02).]
\scratchcounter=\count117
\scratchdimen=\dimen134
\scratchbox=\box28
\nofMPsegments=\count118
\nofMParguments=\count119
\everyMPshowfont=\toks23
\MPscratchCnt=\count120
\MPscratchDim=\dimen135
\MPnumerator=\count121
\makeMPintoPDFobject=\count122
\everyMPtoPDFconversion=\toks24
) (/usr/local/texlive/2012/texmf-dist/tex/latex/oberdiek/epstopdf-base.sty
Package: epstopdf-base 2010/02/09 v2.5 Base part for package epstopdf

(/usr/local/texlive/2012/texmf-dist/tex/latex/oberdiek/grfext.sty
Package: grfext 2010/08/19 v1.1 Manage graphics extensions (HO)
)
Package grfext Info: Graphics extension search list:
(grfext)             [.png,.pdf,.jpg,.mps,.jpeg,.jbig2,.jb2,.PNG,.PDF,.JPG,.JPE
G,.JBIG2,.JB2,.eps]
(grfext)             \AppendGraphicsExtensions on input line 452.

(/usr/local/texlive/2012/texmf-dist/tex/latex/latexconfig/epstopdf-sys.cfg
File: epstopdf-sys.cfg 2010/07/13 v1.3 Configuration of (r)epstopdf for TeX Liv
e
))
Package caption Info: Begin \AtBeginDocument code.
Package caption Info: hyperref package is loaded.
Package caption Info: End \AtBeginDocument code.
\AtBeginShipoutBox=\box29
Package hyperref Info: Link coloring OFF on input line 11.

(/usr/local/texlive/2012/texmf-dist/tex/latex/hyperref/nameref.sty
Package: nameref 2012/10/27 v2.43 Cross-referencing by name of section

(/usr/local/texlive/2012/texmf-dist/tex/generic/oberdiek/gettitlestring.sty
Package: gettitlestring 2010/12/03 v1.4 Cleanup title references (HO)
)
\c@section@level=\count123
)
LaTeX Info: Redefining \ref on input line 11.
LaTeX Info: Redefining \pageref on input line 11.
LaTeX Info: Redefining \nameref on input line 11.

(./galaxy_simulation.out) (./galaxy_simulation.out)
\@outlinefile=\write3
\openout3 = `galaxy_simulation.out'.


*geometry* driver: auto-detecting
*geometry* detected driver: pdftex
*geometry* verbose mode - [ preamble ] result:
* driver: pdftex
* paper: <default>
* layout: <same size as paper>
* layoutoffset:(h,v)=(0.0pt,0.0pt)
* modes: twoside 
* h-part:(L,W,R)=(72.26999pt, 469.75502pt, 72.26999pt)
* v-part:(T,H,B)=(72.26999pt, 650.43001pt, 72.26999pt)
* \paperwidth=614.295pt
* \paperheight=794.96999pt
* \textwidth=469.75502pt
* \textheight=650.43001pt
* \oddsidemargin=0.0pt
* \evensidemargin=0.0pt
* \topmargin=-37.0pt
* \headheight=12.0pt
* \headsep=25.0pt
* \topskip=11.0pt
* \footskip=30.0pt
* \marginparwidth=113.0pt
* \marginparsep=10.0pt
* \columnsep=10.0pt
* \skip\footins=10.0pt plus 4.0pt minus 2.0pt
* \hoffset=0.0pt
* \voffset=0.0pt
* \mag=1000
* \@twocolumnfalse
* \@twosidetrue
* \@mparswitchtrue
* \@reversemarginfalse
* (1in=72.27pt=25.4mm, 1cm=28.453pt)

LaTeX Font Info:    Try loading font information for U+msa on input line 13.
(/usr/local/texlive/2012/texmf-dist/tex/latex/amsfonts/umsa.fd
File: umsa.fd 2013/01/14 v3.01 AMS symbols A
)
LaTeX Font Info:    Try loading font information for U+msb on input line 13.

(/usr/local/texlive/2012/texmf-dist/tex/latex/amsfonts/umsb.fd
File: umsb.fd 2013/01/14 v3.01 AMS symbols B
)
LaTeX Font Info:    Font shape `OT1/ptm/bx/n' in size <10> not available
(Font)              Font shape `OT1/ptm/b/n' tried instead on input line 14.
LaTeX Font Info:    Font shape `OT1/ptm/bx/n' in size <14.4> not available
(Font)              Font shape `OT1/ptm/b/n' tried instead on input line 19.
LaTeX Font Info:    Font shape `OT1/ptm/bx/n' in size <10.95> not available
(Font)              Font shape `OT1/ptm/b/n' tried instead on input line 29.
LaTeX Font Info:    Font shape `OT1/ptm/bx/n' in size <12> not available
(Font)              Font shape `OT1/ptm/b/n' tried instead on input line 45.
LaTeX Font Info:    Try loading font information for OMS+ptm on input line 46.

(/usr/local/texlive/2012/texmf-dist/tex/latex/psnfss/omsptm.fd
File: omsptm.fd 
)
LaTeX Font Info:    Font shape `OMS/ptm/m/n' in size <8> not available
(Font)              Font shape `OMS/cmsy/m/n' tried instead on input line 46.
LaTeX Font Info:    Font shape `OMS/ptm/m/n' in size <6> not available
(Font)              Font shape `OMS/cmsy/m/n' tried instead on input line 46.
LaTeX Font Info:    Try loading font information for OT1+pcr on input line 46.

(/usr/local/texlive/2012/texmf-dist/tex/latex/psnfss/ot1pcr.fd
File: ot1pcr.fd 2001/06/04 font definitions for OT1/pcr.
) [1

{/usr/local/texlive/2012/texmf-var/fonts/map/pdftex/updmap/pdftex.map}]
<galfit_model.png, id=61, 578.16pt x 433.62pt>
File: galfit_model.png Graphic file (type png)
 <use galfit_model.png>
Package pdftex.def Info: galfit_model.png used on input line 53.
(pdftex.def)             Requested size: 352.31625pt x 264.23654pt.
 [2 <./galfit_model.png>]

LaTeX Warning: Command \r invalid in math mode on input line 61.

Package epstopdf Info: Source file: <flux_for_slit_comp.eps>
(epstopdf)                    date: 2013-08-02 14:25:46
(epstopdf)                    size: 78906 bytes
(epstopdf)             Output file: <flux_for_slit_comp-eps-converted-to.pdf>
(epstopdf)                    date: 2013-08-02 15:48:43
(epstopdf)                    size: 41547 bytes
(epstopdf)             Command: <repstopdf --outfile=flux_for_slit_comp-eps-con
verted-to.pdf flux_for_slit_comp.eps>
(epstopdf)             \includegraphics on input line 66.
Package epstopdf Info: Output file is already uptodate.
<flux_for_slit_comp-eps-converted-to.pdf, id=81, 578.16pt x 433.62pt>
File: flux_for_slit_comp-eps-converted-to.pdf Graphic file (type pdf)

<use flux_for_slit_comp-eps-converted-to.pdf>
Package pdftex.def Info: flux_for_slit_comp-eps-converted-to.pdf used on input 
line 66.
(pdftex.def)             Requested size: 232.53001pt x 174.3977pt.

<spec_compare.png, id=82, 803.0pt x 620.3175pt>
File: spec_compare.png Graphic file (type png)
 <use spec_compare.png>
Package pdftex.def Info: spec_compare.png used on input line 70.
(pdftex.def)             Requested size: 258.36668pt x 199.59416pt.

Overfull \hbox (23.48918pt too wide) in paragraph at lines 70--71
[][] 
 []

[3]
Underfull \vbox (badness 10000) has occurred while \output is active []

 [4 <./flux_for_slit_comp-eps-converted-to.pdf> <./spec_compare.png>]
<final_img.png, id=150, 578.16pt x 216.81pt>
File: final_img.png Graphic file (type png)
 <use final_img.png>
Package pdftex.def Info: final_img.png used on input line 108.
(pdftex.def)             Requested size: 469.75502pt x 176.15768pt.
Package epstopdf Info: Source file: <reduced_spect.eps>
(epstopdf)                    date: 2013-08-02 15:14:36
(epstopdf)                    size: 130082 bytes
(epstopdf)             Output file: <reduced_spect-eps-converted-to.pdf>
(epstopdf)                    date: 2013-08-02 15:49:18
(epstopdf)                    size: 61348 bytes
(epstopdf)             Command: <repstopdf --outfile=reduced_spect-eps-converte
d-to.pdf reduced_spect.eps>
(epstopdf)             \includegraphics on input line 119.
Package epstopdf Info: Output file is already uptodate.

<reduced_spect-eps-converted-to.pdf, id=154, 578.16pt x 433.62pt>
File: reduced_spect-eps-converted-to.pdf Graphic file (type pdf)

<use reduced_spect-eps-converted-to.pdf>
Package pdftex.def Info: reduced_spect-eps-converted-to.pdf used on input line 
119.
(pdftex.def)             Requested size: 234.8775pt x 176.15768pt.
Package epstopdf Info: Source file: <reduced_spect_edge.eps>
(epstopdf)                    date: 2013-08-02 15:13:23
(epstopdf)                    size: 129037 bytes
(epstopdf)             Output file: <reduced_spect_edge-eps-converted-to.pdf>
(epstopdf)                    date: 2013-08-02 15:49:19
(epstopdf)                    size: 61377 bytes
(epstopdf)             Command: <repstopdf --outfile=reduced_spect_edge-eps-con
verted-to.pdf reduced_spect_edge.eps>
(epstopdf)             \includegraphics on input line 123.
Package epstopdf Info: Output file is already uptodate.

<reduced_spect_edge-eps-converted-to.pdf, id=155, 578.16pt x 433.62pt>
File: reduced_spect_edge-eps-converted-to.pdf Graphic file (type pdf)

<use reduced_spect_edge-eps-converted-to.pdf>
Package pdftex.def Info: reduced_spect_edge-eps-converted-to.pdf used on input 
line 123.
(pdftex.def)             Requested size: 234.8775pt x 176.15768pt.
 [5 <./final_img.png>] [6 <./reduced_spect-eps-converted-to.pdf> <./reduced_spe
ct_edge-eps-converted-to.pdf>]
Package epstopdf Info: Source file: <signal_noise.eps>
(epstopdf)                    date: 2013-08-02 15:14:45
(epstopdf)                    size: 127745 bytes
(epstopdf)             Output file: <signal_noise-eps-converted-to.pdf>
(epstopdf)                    date: 2013-08-02 15:49:19
(epstopdf)                    size: 58978 bytes
(epstopdf)             Command: <repstopdf --outfile=signal_noise-eps-converted
-to.pdf signal_noise.eps>
(epstopdf)             \includegraphics on input line 146.
Package epstopdf Info: Output file is already uptodate.

<signal_noise-eps-converted-to.pdf, id=292, 578.16pt x 433.62pt>
File: signal_noise-eps-converted-to.pdf Graphic file (type pdf)

<use signal_noise-eps-converted-to.pdf>
Package pdftex.def Info: signal_noise-eps-converted-to.pdf used on input line 1
46.
(pdftex.def)             Requested size: 234.8775pt x 176.15768pt.
Package epstopdf Info: Source file: <signal_noise_edge.eps>
(epstopdf)                    date: 2013-08-02 15:13:34
(epstopdf)                    size: 130419 bytes
(epstopdf)             Output file: <signal_noise_edge-eps-converted-to.pdf>
(epstopdf)                    date: 2013-08-02 15:49:20
(epstopdf)                    size: 62388 bytes
(epstopdf)             Command: <repstopdf --outfile=signal_noise_edge-eps-conv
erted-to.pdf signal_noise_edge.eps>
(epstopdf)             \includegraphics on input line 150.
Package epstopdf Info: Output file is already uptodate.

<signal_noise_edge-eps-converted-to.pdf, id=293, 578.16pt x 433.62pt>
File: signal_noise_edge-eps-converted-to.pdf Graphic file (type pdf)

<use signal_noise_edge-eps-converted-to.pdf>
Package pdftex.def Info: signal_noise_edge-eps-converted-to.pdf used on input l
ine 150.
(pdftex.def)             Requested size: 234.8775pt x 176.15768pt.
Package epstopdf Info: Source file: <SN_rebin.eps>
(epstopdf)                    date: 2013-08-02 15:12:58
(epstopdf)                    size: 126188 bytes
(epstopdf)             Output file: <SN_rebin-eps-converted-to.pdf>
(epstopdf)                    date: 2013-08-02 15:49:20
(epstopdf)                    size: 59812 bytes
(epstopdf)             Command: <repstopdf --outfile=SN_rebin-eps-converted-to.
pdf SN_rebin.eps>
(epstopdf)             \includegraphics on input line 161.
Package epstopdf Info: Output file is already uptodate.

<SN_rebin-eps-converted-to.pdf, id=295, 578.16pt x 433.62pt>
File: SN_rebin-eps-converted-to.pdf Graphic file (type pdf)

<use SN_rebin-eps-converted-to.pdf>
Package pdftex.def Info: SN_rebin-eps-converted-to.pdf used on input line 161.
(pdftex.def)             Requested size: 352.31625pt x 264.23654pt.
 [7 <./signal_noise-eps-converted-to.pdf> <./signal_noise_edge-eps-converted-to
.pdf>]
Package epstopdf Info: Source file: <noise_comp.eps>
(epstopdf)                    date: 2013-08-02 15:13:49
(epstopdf)                    size: 159388 bytes
(epstopdf)             Output file: <noise_comp-eps-converted-to.pdf>
(epstopdf)                    date: 2013-08-02 15:49:21
(epstopdf)                    size: 68095 bytes
(epstopdf)             Command: <repstopdf --outfile=noise_comp-eps-converted-t
o.pdf noise_comp.eps>
(epstopdf)             \includegraphics on input line 174.
Package epstopdf Info: Output file is already uptodate.

<noise_comp-eps-converted-to.pdf, id=409, 578.16pt x 433.62pt>
File: noise_comp-eps-converted-to.pdf Graphic file (type pdf)

<use noise_comp-eps-converted-to.pdf>
Package pdftex.def Info: noise_comp-eps-converted-to.pdf used on input line 174
.
(pdftex.def)             Requested size: 234.8775pt x 176.15768pt.
Package epstopdf Info: Source file: <noise_comp_edge.eps>
(epstopdf)                    date: 2013-08-02 15:13:11
(epstopdf)                    size: 149023 bytes
(epstopdf)             Output file: <noise_comp_edge-eps-converted-to.pdf>
(epstopdf)                    date: 2013-08-02 15:49:21
(epstopdf)                    size: 63633 bytes
(epstopdf)             Command: <repstopdf --outfile=noise_comp_edge-eps-conver
ted-to.pdf noise_comp_edge.eps>
(epstopdf)             \includegraphics on input line 178.
Package epstopdf Info: Output file is already uptodate.

<noise_comp_edge-eps-converted-to.pdf, id=410, 578.16pt x 433.62pt>
File: noise_comp_edge-eps-converted-to.pdf Graphic file (type pdf)

<use noise_comp_edge-eps-converted-to.pdf>
Package pdftex.def Info: noise_comp_edge-eps-converted-to.pdf used on input lin
e 178.
(pdftex.def)             Requested size: 234.8775pt x 176.15768pt.
 [8 <./SN_rebin-eps-converted-to.pdf>]
Package epstopdf Info: Source file: <nosource_sensitivity.eps>
(epstopdf)                    date: 2013-07-30 10:38:15
(epstopdf)                    size: 45304 bytes
(epstopdf)             Output file: <nosource_sensitivity-eps-converted-to.pdf>

(epstopdf)                    date: 2013-07-31 10:30:37
(epstopdf)                    size: 21455 bytes
(epstopdf)             Command: <repstopdf --outfile=nosource_sensitivity-eps-c
onverted-to.pdf nosource_sensitivity.eps>
(epstopdf)             \includegraphics on input line 191.
Package epstopdf Info: Output file is already uptodate.
 <nosource_sensitivity-eps-converted-to.pdf, id=469, 578.16pt x 433.62pt>
File: nosource_sensitivity-eps-converted-to.pdf Graphic file (type pdf)

<use nosource_sensitivity-eps-converted-to.pdf>
Package pdftex.def Info: nosource_sensitivity-eps-converted-to.pdf used on inpu
t line 191.
(pdftex.def)             Requested size: 352.31625pt x 264.23654pt.
 [9 <./noise_comp-eps-converted-to.pdf> <./noise_comp_edge-eps-converted-to.pdf
>]
Package atveryend Info: Empty hook `BeforeClearDocument' on input line 213.
 [10 <./nosource_sensitivity-eps-converted-to.pdf>]
Package atveryend Info: Empty hook `AfterLastShipout' on input line 213.
 (./galaxy_simulation.aux)
Package atveryend Info: Executing hook `AtVeryEndDocument' on input line 213.
Package atveryend Info: Executing hook `AtEndAfterFileList' on input line 213.
Package rerunfilecheck Info: File `galaxy_simulation.out' has not changed.
(rerunfilecheck)             Checksum: 65E0BCFB78181469C4CABC6B58664574;704.
Package atveryend Info: Empty hook `AtVeryVeryEnd' on input line 213.
 ) 
Here is how much of TeX's memory you used:
 7791 strings out of 493481
 117279 string characters out of 3140986
 206222 words of memory out of 3000000
 10931 multiletter control sequences out of 15000+200000
 30687 words of font info for 74 fonts, out of 3000000 for 9000
 957 hyphenation exceptions out of 8191
 42i,9n,40p,2335b,438s stack positions out of 5000i,500n,10000p,200000b,50000s
pdfTeX warning (dest): name{Hfootnote.3} has been referenced but does not exi
st, replaced by a fixed one

pdfTeX warning (dest): name{Hfootnote.2} has been referenced but does not exist
, replaced by a fixed one

pdfTeX warning (dest): name{Hfootnote.1} has been referenced but does not exist
, replaced by a fixed one

{/usr/local/texlive/2012/texmf-dist/fonts/enc/dvips/base/8r.enc}</usr/local/tex
live/2012/texmf-dist/fonts/type1/public/amsfonts/cm/cmex10.pfb></usr/local/texl
ive/2012/texmf-dist/fonts/type1/public/amsfonts/cm/cmmi10.pfb></usr/local/texli
ve/2012/texmf-dist/fonts/type1/public/amsfonts/cm/cmmi8.pfb></usr/local/texlive
/2012/texmf-dist/fonts/type1/public/amsfonts/cm/cmr10.pfb></usr/local/texlive/2
012/texmf-dist/fonts/type1/public/amsfonts/cm/cmr8.pfb></usr/local/texlive/2012
/texmf-dist/fonts/type1/public/amsfonts/cm/cmsy10.pfb></usr/local/texlive/2012/
texmf-dist/fonts/type1/public/amsfonts/cm/cmsy6.pfb></usr/local/texlive/2012/te
xmf-dist/fonts/type1/public/amsfonts/cm/cmsy8.pfb></usr/local/texlive/2012/texm
f-dist/fonts/type1/urw/courier/ucrr8a.pfb></usr/local/texlive/2012/texmf-dist/f
onts/type1/urw/times/utmb8a.pfb></usr/local/texlive/2012/texmf-dist/fonts/type1
/urw/times/utmr8a.pfb></usr/local/texlive/2012/texmf-dist/fonts/type1/urw/times
/utmri8a.pfb>
Output written on galaxy_simulation.pdf (10 pages, 686246 bytes).
PDF statistics:
 630 PDF objects out of 1000 (max. 8388607)
 243 compressed objects within 3 object streams
 48 named destinations out of 1000 (max. 500000)
 141 words of extra memory for PDF output out of 10000 (max. 10000000)

